Arguments: 
  /home/admin2/.nvm/versions/node/v18.16.1/bin/node /home/admin2/.nvm/versions/node/v18.16.1/bin/yarn add swagger-jdoc

PATH: 
  /home/admin2/.nvm/versions/node/v18.16.1/bin:/usr/local/sbin:/usr/local/bin:/usr/sbin:/usr/bin:/sbin:/bin:/usr/games:/usr/local/games:/snap/bin:/snap/bin

Yarn version: 
  1.22.19

Node version: 
  18.16.1

Platform: 
  linux x64

Trace: 
  Error: https://registry.yarnpkg.com/swagger-jdoc: Not found
      at params.callback [as _callback] (/home/admin2/.nvm/versions/node/v18.16.1/lib/node_modules/yarn/lib/cli.js:66145:18)
      at self.callback (/home/admin2/.nvm/versions/node/v18.16.1/lib/node_modules/yarn/lib/cli.js:140890:22)
      at Request.emit (node:events:513:28)
      at Request.<anonymous> (/home/admin2/.nvm/versions/node/v18.16.1/lib/node_modules/yarn/lib/cli.js:141862:10)
      at Request.emit (node:events:513:28)
      at IncomingMessage.<anonymous> (/home/admin2/.nvm/versions/node/v18.16.1/lib/node_modules/yarn/lib/cli.js:141784:12)
      at Object.onceWrapper (node:events:627:28)
      at IncomingMessage.emit (node:events:525:35)
      at endReadableNT (node:internal/streams/readable:1359:12)
      at process.processTicksAndRejections (node:internal/process/task_queues:82:21)

npm manifest: 
  {
    "name": "instagram",
    "version": "1.0.0",
    "description": "",
    "main": "index.js",
    "scripts": {
      "test": "echo \"Error: no test specified\" && exit 1"
    },
    "keywords": [],
    "author": "",
    "license": "ISC",
    "dependencies": {
      "@types/express": "^4.17.17",
      "bcrypt": "^5.1.0",
      "body-parser": "^1.20.2",
      "express": "^4.18.2",
      "joi": "^17.9.2",
      "jsonwebtoken": "^9.0.1",
      "mongoose": "^7.4.0",
      "swagger-jsdoc": "^6.0.0",
      "swagger-ui-express": "^5.0.0"
    },
    "devDependencies": {
      "@types/bcrypt": "^5.0.0",
      "@types/jsonwebtoken": "^9.0.2",
      "@types/swagger-jsdoc": "^6.0.1"
    }
  }

yarn manifest: 
  No manifest

Lockfile: 
  No lockfile
